<?xml version="1.0" encoding="utf-8"?><testsuites name="pytest tests"><testsuite name="pytest" errors="0" failures="0" skipped="0" tests="10" time="6.553" timestamp="2026-03-10T14:28:04.539489+00:00" hostname="agent-env-b0ce1679-24e1-4028-9a97-59a5e4aa88de"><testcase classname="backend.tests.test_customer_import.TestCustomerImport" name="test_import_customers_excel" time="0.962" /><testcase classname="backend.tests.test_customer_import.TestCustomerImport" name="test_import_customers_excel_file2" time="0.550" /><testcase classname="backend.tests.test_customer_import.TestCustomerImport" name="test_import_requires_auth" time="0.463" /><testcase classname="backend.tests.test_customer_import.TestCustomerCRUD" name="test_create_customer" time="0.763" /><testcase classname="backend.tests.test_customer_import.TestCustomerCRUD" name="test_get_customers_list" time="0.460" /><testcase classname="backend.tests.test_customer_import.TestCustomerCRUD" name="test_update_customer" time="0.854" /><testcase classname="backend.tests.test_customer_import.TestCustomerCRUD" name="test_delete_customer" time="0.708" /><testcase classname="backend.tests.test_customer_import.TestCustomerSearch" name="test_search_customers" time="0.690" /><testcase classname="backend.tests.test_customer_import.TestCustomerPagination" name="test_pagination_parameters" time="0.468" /><testcase classname="backend.tests.test_customer_import.TestCustomerPagination" name="test_pagination_page_navigation" time="0.569" /></testsuite></testsuites>