<?xml version="1.0" encoding="utf-8"?><testsuites name="pytest tests"><testsuite name="pytest" errors="0" failures="0" skipped="0" tests="11" time="5.660" timestamp="2026-03-18T06:35:07.750870+00:00" hostname="agent-env-b0ce1679-24e1-4028-9a97-59a5e4aa88de"><testcase classname="backend.tests.test_deal_flow.TestDealFlow" name="test_get_deals" time="0.514" /><testcase classname="backend.tests.test_deal_flow.TestDealFlow" name="test_get_leads" time="0.454" /><testcase classname="backend.tests.test_deal_flow.TestDealFlow" name="test_lead_detail_fetches_linked_deals" time="0.528" /><testcase classname="backend.tests.test_deal_flow.TestDealFlow" name="test_deal_stage_update" time="0.555" /><testcase classname="backend.tests.test_deal_flow.TestDealFlow" name="test_deal_linked_companies" time="0.490" /><testcase classname="backend.tests.test_deal_flow.TestLeadActivities" name="test_get_lead_activities" time="0.519" /><testcase classname="backend.tests.test_deal_flow.TestLeadActivities" name="test_log_activity_on_status_update" time="0.548" /><testcase classname="backend.tests.test_deal_flow.TestTasksAPI" name="test_get_tasks" time="0.466" /><testcase classname="backend.tests.test_deal_flow.TestTasksAPI" name="test_task_has_required_fields" time="0.450" /><testcase classname="backend.tests.test_deal_flow.TestCustomersAPI" name="test_get_customers" time="0.445" /><testcase classname="backend.tests.test_deal_flow.TestCustomersAPI" name="test_create_and_delete_customer" time="0.616" /></testsuite></testsuites>