<?xml version="1.0" encoding="utf-8"?><testsuites name="pytest tests"><testsuite name="pytest" errors="0" failures="0" skipped="0" tests="20" time="3.108" timestamp="2026-03-09T08:21:50.741219+00:00" hostname="agent-env-b0ce1679-24e1-4028-9a97-59a5e4aa88de"><testcase classname="tests.test_new_features.TestWorklistDashboard" name="test_worklist_basic_fetch" time="0.519" /><testcase classname="tests.test_new_features.TestWorklistDashboard" name="test_worklist_pagination" time="0.107" /><testcase classname="tests.test_new_features.TestWorklistDashboard" name="test_worklist_item_structure" time="0.109" /><testcase classname="tests.test_new_features.TestWorklistDashboard" name="test_worklist_status_filter" time="0.120" /><testcase classname="tests.test_new_features.TestWorklistDashboard" name="test_worklist_lifecycle_filter" time="0.103" /><testcase classname="tests.test_new_features.TestNotifications" name="test_notifications_fetch" time="0.100" /><testcase classname="tests.test_new_features.TestNotifications" name="test_notifications_with_limit" time="0.103" /><testcase classname="tests.test_new_features.TestNotifications" name="test_mark_all_notifications_read" time="0.103" /><testcase classname="tests.test_new_features.TestFilterOptions" name="test_filter_options_fetch" time="0.107" /><testcase classname="tests.test_new_features.TestFilterOptions" name="test_filter_options_has_valid_statuses" time="0.100" /><testcase classname="tests.test_new_features.TestFilterOptions" name="test_filter_options_has_valid_lifecycle_stages" time="0.099" /><testcase classname="tests.test_new_features.TestCustomerProfile" name="test_lead_profile_fetch" time="0.203" /><testcase classname="tests.test_new_features.TestCustomerProfile" name="test_lead_profile_structure" time="0.237" /><testcase classname="tests.test_new_features.TestCustomerProfile" name="test_lead_profile_stats" time="0.206" /><testcase classname="tests.test_new_features.TestCustomerProfile" name="test_lead_profile_not_found" time="0.103" /><testcase classname="tests.test_new_features.TestAICalls" name="test_ai_calls_list_fetch" time="0.107" /><testcase classname="tests.test_new_features.TestAICalls" name="test_ai_call_initiate_placeholder" time="0.251" /><testcase classname="tests.test_new_features.TestUnauthorized" name="test_worklist_unauthorized" time="0.099" /><testcase classname="tests.test_new_features.TestUnauthorized" name="test_notifications_unauthorized" time="0.095" /><testcase classname="tests.test_new_features.TestUnauthorized" name="test_filter_options_unauthorized" time="0.101" /></testsuite></testsuites>