<?xml version="1.0" encoding="utf-8"?><testsuites name="pytest tests"><testsuite name="pytest" errors="0" failures="0" skipped="0" tests="19" time="5.743" timestamp="2026-03-10T14:08:20.966400+00:00" hostname="agent-env-b0ce1679-24e1-4028-9a97-59a5e4aa88de"><testcase classname="backend.tests.test_new_features_v2.TestAuth" name="test_login_returns_token" time="0.478" /><testcase classname="backend.tests.test_new_features_v2.TestCalendarEventsAPI" name="test_get_calendar_events_requires_auth" time="0.133" /><testcase classname="backend.tests.test_new_features_v2.TestCalendarEventsAPI" name="test_get_calendar_events" time="0.493" /><testcase classname="backend.tests.test_new_features_v2.TestCalendarEventsAPI" name="test_create_calendar_event" time="0.169" /><testcase classname="backend.tests.test_new_features_v2.TestCalendarEventsAPI" name="test_get_specific_calendar_event" time="0.249" /><testcase classname="backend.tests.test_new_features_v2.TestCalendarEventsAPI" name="test_update_calendar_event" time="0.236" /><testcase classname="backend.tests.test_new_features_v2.TestCalendarEventsAPI" name="test_delete_calendar_event" time="0.404" /><testcase classname="backend.tests.test_new_features_v2.TestWhatsAppMessagesAPI" name="test_get_whatsapp_messages_requires_auth" time="0.120" /><testcase classname="backend.tests.test_new_features_v2.TestWhatsAppMessagesAPI" name="test_get_whatsapp_messages_for_contact" time="0.248" /><testcase classname="backend.tests.test_new_features_v2.TestWhatsAppMessagesAPI" name="test_send_whatsapp_message" time="0.332" /><testcase classname="backend.tests.test_new_features_v2.TestWhatsAppMessagesAPI" name="test_send_whatsapp_message_requires_auth" time="0.122" /><testcase classname="backend.tests.test_new_features_v2.TestCustomersAPI" name="test_get_customers_requires_auth" time="0.104" /><testcase classname="backend.tests.test_new_features_v2.TestCustomersAPI" name="test_get_customers_list" time="0.143" /><testcase classname="backend.tests.test_new_features_v2.TestCustomersAPI" name="test_create_customer" time="0.119" /><testcase classname="backend.tests.test_new_features_v2.TestCustomersAPI" name="test_get_specific_customer" time="0.211" /><testcase classname="backend.tests.test_new_features_v2.TestCustomersAPI" name="test_update_customer" time="0.228" /><testcase classname="backend.tests.test_new_features_v2.TestCustomersAPI" name="test_delete_customer" time="0.402" /><testcase classname="backend.tests.test_new_features_v2.TestCustomersAPI" name="test_search_customers" time="0.254" /><testcase classname="backend.tests.test_new_features_v2.TestCleanup" name="test_cleanup_test_data" time="1.184" /></testsuite></testsuites>