<?xml version="1.0" encoding="utf-8"?><testsuites name="pytest tests"><testsuite name="pytest" errors="0" failures="0" skipped="0" tests="13" time="1.800" timestamp="2026-03-07T07:02:55.455837+00:00" hostname="agent-env-b0ce1679-24e1-4028-9a97-59a5e4aa88de"><testcase classname="backend.tests.test_pagination.TestLeadsPagination" name="test_leads_default_pagination" time="0.483" /><testcase classname="backend.tests.test_pagination.TestLeadsPagination" name="test_leads_pagination_page_2" time="0.124" /><testcase classname="backend.tests.test_pagination.TestLeadsPagination" name="test_leads_pagination_limit_25" time="0.066" /><testcase classname="backend.tests.test_pagination.TestLeadsPagination" name="test_leads_pagination_limit_50" time="0.063" /><testcase classname="backend.tests.test_pagination.TestLeadsPagination" name="test_leads_pagination_limit_100" time="0.065" /><testcase classname="backend.tests.test_pagination.TestLeadsPagination" name="test_leads_total_pages_calculation" time="0.054" /><testcase classname="backend.tests.test_pagination.TestContactsPagination" name="test_contacts_pagination_structure" time="0.056" /><testcase classname="backend.tests.test_pagination.TestContactsPagination" name="test_contacts_pagination_limit_variations" time="0.240" /><testcase classname="backend.tests.test_pagination.TestUsersPagination" name="test_users_pagination_structure" time="0.053" /><testcase classname="backend.tests.test_pagination.TestUsersPagination" name="test_users_pagination_limit_variations" time="0.228" /><testcase classname="backend.tests.test_pagination.TestPaginationEdgeCases" name="test_invalid_page_defaults_to_1" time="0.062" /><testcase classname="backend.tests.test_pagination.TestPaginationEdgeCases" name="test_limit_capped_at_100" time="0.066" /><testcase classname="backend.tests.test_pagination.TestPaginationEdgeCases" name="test_page_beyond_total_returns_empty" time="0.055" /></testsuite></testsuites>