<?xml version="1.0" encoding="utf-8"?><testsuites name="pytest tests"><testsuite name="pytest" errors="0" failures="0" skipped="0" tests="14" time="5.071" timestamp="2026-03-09T08:48:42.063335+00:00" hostname="agent-env-b0ce1679-24e1-4028-9a97-59a5e4aa88de"><testcase classname="backend.tests.test_sales_workflow.TestAssignmentSettings" name="test_get_assignment_settings" time="0.567" /><testcase classname="backend.tests.test_sales_workflow.TestAssignmentSettings" name="test_update_assignment_settings_manual" time="0.108" /><testcase classname="backend.tests.test_sales_workflow.TestAssignmentSettings" name="test_update_assignment_settings_round_robin" time="0.113" /><testcase classname="backend.tests.test_sales_workflow.TestAssignmentSettings" name="test_update_assignment_settings_territory" time="0.210" /><testcase classname="backend.tests.test_sales_workflow.TestAssignmentSettings" name="test_update_assignment_settings_default_agent" time="0.225" /><testcase classname="backend.tests.test_sales_workflow.TestAssignmentSettings" name="test_assignment_settings_unauthorized" time="0.099" /><testcase classname="backend.tests.test_sales_workflow.TestPipelineStages" name="test_pipeline_page_loads_stages" time="0.447" /><testcase classname="backend.tests.test_sales_workflow.TestPipelineStages" name="test_create_deal_with_call_stage" time="0.208" /><testcase classname="backend.tests.test_sales_workflow.TestLeadPipelineStage" name="test_update_lead_pipeline_stage" time="1.197" /><testcase classname="backend.tests.test_sales_workflow.TestLeadToClientConversion" name="test_convert_lead_to_client" time="0.628" /><testcase classname="backend.tests.test_sales_workflow.TestClientsAPI" name="test_get_clients_paginated" time="0.423" /><testcase classname="backend.tests.test_sales_workflow.TestClientsAPI" name="test_get_client_detail" time="0.215" /><testcase classname="backend.tests.test_sales_workflow.TestClientsAPI" name="test_clients_unauthorized" time="0.102" /><testcase classname="backend.tests.test_sales_workflow.TestContactsAPI" name="test_contacts_api_exists" time="0.452" /></testsuite></testsuites>