<?xml version="1.0" encoding="utf-8"?><testsuites name="pytest tests"><testsuite name="pytest" errors="0" failures="0" skipped="0" tests="17" time="5.383" timestamp="2026-03-10T12:57:09.320681+00:00" hostname="agent-env-b0ce1679-24e1-4028-9a97-59a5e4aa88de"><testcase classname="backend.tests.test_tasks_settings.TestAuthentication" name="test_login_success" time="0.561" /><testcase classname="backend.tests.test_tasks_settings.TestTasksCRUD" name="test_get_tasks_list" time="0.465" /><testcase classname="backend.tests.test_tasks_settings.TestTasksCRUD" name="test_create_task" time="0.126" /><testcase classname="backend.tests.test_tasks_settings.TestTasksCRUD" name="test_create_task_with_payment" time="0.109" /><testcase classname="backend.tests.test_tasks_settings.TestTasksCRUD" name="test_update_task" time="0.360" /><testcase classname="backend.tests.test_tasks_settings.TestTasksCRUD" name="test_delete_task" time="0.286" /><testcase classname="backend.tests.test_tasks_settings.TestTasksCRUD" name="test_tasks_filter_by_status" time="0.128" /><testcase classname="backend.tests.test_tasks_settings.TestTasksCRUD" name="test_tasks_filter_by_payment_status" time="0.114" /><testcase classname="backend.tests.test_tasks_settings.TestTasksCRUD" name="test_tasks_requires_auth" time="0.119" /><testcase classname="backend.tests.test_tasks_settings.TestOrganizationSettings" name="test_get_organization_settings" time="0.438" /><testcase classname="backend.tests.test_tasks_settings.TestOrganizationSettings" name="test_update_currency_settings" time="0.353" /><testcase classname="backend.tests.test_tasks_settings.TestOrganizationSettings" name="test_organization_settings_requires_auth" time="0.107" /><testcase classname="backend.tests.test_tasks_settings.TestCurrencies" name="test_get_currencies" time="0.184" /><testcase classname="backend.tests.test_tasks_settings.TestDropdownZIndexIntegration" name="test_leads_api_for_dropdown" time="0.450" /><testcase classname="backend.tests.test_tasks_settings.TestDropdownZIndexIntegration" name="test_clients_api_for_dropdown" time="0.121" /><testcase classname="backend.tests.test_tasks_settings.TestDropdownZIndexIntegration" name="test_customers_api_for_dropdown" time="0.123" /><testcase classname="backend.tests.test_tasks_settings.TestTasksNavigation" name="test_auth_me_returns_permissions" time="1.202" /></testsuite></testsuites>